# JRE version: OpenJDK Runtime Environment Zulu15.36+13-CA (15.0.5+3) (build 15.0.5+3-MTS)
# Java VM: OpenJDK 64-Bit Server VM Zulu15.36+13-CA (15.0.5+3-MTS, mixed mode, sharing, tiered, compressed oops, g1 gc, windows-amd64)
GC Precious Log:
 CPUs: 4 total, 4 available
 Memory: 8084M
 Large Page Support: Disabled
 NUMA Support: Disabled
 Compressed Oops: Enabled (32-bit)
 Heap Region Size: 1M
 Heap Min Capacity: 8M
 Heap Initial Capacity: 128M
 Heap Max Capacity: 2G
 Pre-touch: Disabled
 Parallel Workers: 4
 Concurrent Workers: 1
 Concurrent Refinement Workers: 4
 Periodic GC: Disabled
Heap:
 garbage-first heap   total 75776K, used 52402K [0x0000000080000000, 0x0000000100000000)
  region size 1024K, 28 young (28672K), 3 survivors (3072K)
 Metaspace       used 34695K, capacity 35340K, committed 35504K, reserved 1079296K
  class space    used 4616K, capacity 4819K, committed 4864K, reserved 1048576K
GC Heap History (14 events):
Event: 1.643 GC heap before
{Heap before GC invocations=0 (full 0):
 garbage-first heap   total 131072K, used 16384K [0x0000000080000000, 0x0000000100000000)
  region size 1024K, 13 young (13312K), 0 survivors (0K)
 Metaspace       used 1150K, capacity 4857K, committed 5120K, reserved 1056768K
  class space    used 92K, capacity 467K, committed 512K, reserved 1048576K
}
Event: 1.648 GC heap after
{Heap after GC invocations=1 (full 0):
 garbage-first heap   total 131072K, used 4481K [0x0000000080000000, 0x0000000100000000)
  region size 1024K, 2 young (2048K), 2 survivors (2048K)
 Metaspace       used 1150K, capacity 4857K, committed 5120K, reserved 1056768K
  class space    used 92K, capacity 467K, committed 512K, reserved 1048576K
}
Event: 2.307 GC heap before
{Heap before GC invocations=1 (full 0):
 garbage-first heap   total 131072K, used 20865K [0x0000000080000000, 0x0000000100000000)
  region size 1024K, 15 young (15360K), 2 survivors (2048K)
 Metaspace       used 3658K, capacity 6342K, committed 6656K, reserved 1056768K
  class space    used 446K, capacity 706K, committed 768K, reserved 1048576K
}
Event: 2.311 GC heap after
{Heap after GC invocations=2 (full 0):
 garbage-first heap   total 131072K, used 9091K [0x0000000080000000, 0x0000000100000000)
  region size 1024K, 2 young (2048K), 2 survivors (2048K)
 Metaspace       used 3658K, capacity 6342K, committed 6656K, reserved 1056768K
  class space    used 446K, capacity 706K, committed 768K, reserved 1048576K
}
Event: 2.820 GC heap before
{Heap before GC invocations=2 (full 0):
 garbage-first heap   total 131072K, used 28547K [0x0000000080000000, 0x0000000100000000)
  region size 1024K, 22 young (22528K), 2 survivors (2048K)
 Metaspace       used 4193K, capacity 6633K, committed 6912K, reserved 1056768K
  class space    used 502K, capacity 739K, committed 768K, reserved 1048576K
}
Event: 2.823 GC heap after
{Heap after GC invocations=3 (full 0):
 garbage-first heap   total 131072K, used 9966K [0x0000000080000000, 0x0000000100000000)
  region size 1024K, 1 young (1024K), 1 survivors (1024K)
 Metaspace       used 4193K, capacity 6633K, committed 6912K, reserved 1056768K
  class space    used 502K, capacity 739K, committed 768K, reserved 1048576K
}
Event: 5.667 GC heap before
{Heap before GC invocations=3 (full 0):
 garbage-first heap   total 131072K, used 86766K [0x0000000080000000, 0x0000000100000000)
  region size 1024K, 76 young (77824K), 1 survivors (1024K)
 Metaspace       used 16762K, capacity 17249K, committed 17408K, reserved 1064960K
  class space    used 2386K, capacity 2554K, committed 2560K, reserved 1048576K
}
Event: 5.682 GC heap after
{Heap after GC invocations=4 (full 0):
 garbage-first heap   total 131072K, used 18038K [0x0000000080000000, 0x0000000100000000)
  region size 1024K, 9 young (9216K), 9 survivors (9216K)
 Metaspace       used 16762K, capacity 17249K, committed 17408K, reserved 1064960K
  class space    used 2386K, capacity 2554K, committed 2560K, reserved 1048576K
}
Event: 6.612 GC heap before
{Heap before GC invocations=4 (full 0):
 garbage-first heap   total 131072K, used 46710K [0x0000000080000000, 0x0000000100000000)
  region size 1024K, 38 young (38912K), 9 survivors (9216K)
 Metaspace       used 20678K, capacity 21134K, committed 21296K, reserved 1067008K
  class space    used 2998K, capacity 3143K, committed 3200K, reserved 1048576K
}
Event: 6.624 GC heap after
{Heap after GC invocations=5 (full 0):
 garbage-first heap   total 131072K, used 20254K [0x0000000080000000, 0x0000000100000000)
  region size 1024K, 2 young (2048K), 2 survivors (2048K)
 Metaspace       used 20678K, capacity 21134K, committed 21296K, reserved 1067008K
  class space    used 2998K, capacity 3143K, committed 3200K, reserved 1048576K
}
Event: 7.598 GC heap before
{Heap before GC invocations=6 (full 0):
 garbage-first heap   total 75776K, used 62238K [0x0000000080000000, 0x0000000100000000)
  region size 1024K, 44 young (45056K), 2 survivors (2048K)
 Metaspace       used 27559K, capacity 28057K, committed 28208K, reserved 1073152K
  class space    used 3778K, capacity 3959K, committed 3968K, reserved 1048576K
}
Event: 7.608 GC heap after
{Heap after GC invocations=7 (full 0):
 garbage-first heap   total 75776K, used 24937K [0x0000000080000000, 0x0000000100000000)
  region size 1024K, 6 young (6144K), 6 survivors (6144K)
 Metaspace       used 27559K, capacity 28057K, committed 28208K, reserved 1073152K
  class space    used 3778K, capacity 3959K, committed 3968K, reserved 1048576K
}
Event: 9.038 GC heap before
{Heap before GC invocations=7 (full 0):
 garbage-first heap   total 75776K, used 58729K [0x0000000080000000, 0x0000000100000000)
  region size 1024K, 37 young (37888K), 6 survivors (6144K)
 Metaspace       used 32114K, capacity 32661K, committed 32944K, reserved 1077248K
  class space    used 4367K, capacity 4546K, committed 4608K, reserved 1048576K
}
Event: 9.051 GC heap after
{Heap after GC invocations=8 (full 0):
 garbage-first heap   total 75776K, used 26802K [0x0000000080000000, 0x0000000100000000)
  region size 1024K, 3 young (3072K), 3 survivors (3072K)
 Metaspace       used 32114K, capacity 32661K, committed 32944K, reserved 1077248K
  class space    used 4367K, capacity 4546K, committed 4608K, reserved 1048576K
}

